{
  "RSpec": {
    "coverage": {
      "/Users/francescorodriguez/Desktop/Sprint2_copia/software_sprint1/app/models/user.rb": {
        "lines": [
          1,
          1,
          1,
          1,
          1,
          null,
          null,
          1,
          null,
          null
        ]
      },
      "/Users/francescorodriguez/Desktop/Sprint2_copia/software_sprint1/app/models/application_record.rb": {
        "lines": [
          1,
          1,
          null
        ]
      },
      "/Users/francescorodriguez/Desktop/Sprint2_copia/software_sprint1/app/helpers/application_helper.rb": {
        "lines": [
          1,
          1,
          3,
          null,
          null,
          1,
          4,
          null,
          null
        ]
      },
      "/Users/francescorodriguez/Desktop/Sprint2_copia/software_sprint1/app/helpers/messages_helper.rb": {
        "lines": [
          1,
          null
        ]
      },
      "/Users/francescorodriguez/Desktop/Sprint2_copia/software_sprint1/app/helpers/pivots_helper.rb": {
        "lines": [
          1,
          null
        ]
      },
      "/Users/francescorodriguez/Desktop/Sprint2_copia/software_sprint1/app/helpers/publications_helper.rb": {
        "lines": [
          1,
          null
        ]
      },
      "/Users/francescorodriguez/Desktop/Sprint2_copia/software_sprint1/app/helpers/responses_helper.rb": {
        "lines": [
          1,
          null
        ]
      },
      "/Users/francescorodriguez/Desktop/Sprint2_copia/software_sprint1/app/helpers/reviews_helper.rb": {
        "lines": [
          1,
          null
        ]
      },
      "/Users/francescorodriguez/Desktop/Sprint2_copia/software_sprint1/app/models/pivot.rb": {
        "lines": [
          1,
          1,
          1,
          1,
          null,
          1,
          1,
          1,
          1,
          1,
          1,
          null
        ]
      },
      "/Users/francescorodriguez/Desktop/Sprint2_copia/software_sprint1/app/models/publication.rb": {
        "lines": [
          1,
          1,
          1,
          1,
          1,
          1,
          1,
          null
        ]
      },
      "/Users/francescorodriguez/Desktop/Sprint2_copia/software_sprint1/app/models/review.rb": {
        "lines": [
          1,
          1,
          null
        ]
      },
      "/Users/francescorodriguez/Desktop/Sprint2_copia/software_sprint1/app/models/message.rb": {
        "lines": [
          1,
          1,
          null
        ]
      },
      "/Users/francescorodriguez/Desktop/Sprint2_copia/software_sprint1/app/controllers/messages_controller.rb": {
        "lines": [
          1,
          1,
          null,
          null,
          1,
          0,
          null,
          null,
          null,
          1,
          null,
          null,
          1,
          0,
          null,
          null,
          null,
          1,
          null,
          null,
          1,
          0,
          null,
          0,
          0,
          0,
          0,
          null,
          0,
          0,
          null,
          null,
          null,
          null,
          null,
          1,
          0,
          0,
          0,
          0,
          null,
          0,
          0,
          null,
          null,
          null,
          null,
          null,
          1,
          0,
          null,
          0,
          0,
          0,
          null,
          null,
          null,
          1,
          null,
          null,
          1,
          0,
          null,
          null,
          null,
          1,
          0,
          null,
          null
        ]
      },
      "/Users/francescorodriguez/Desktop/Sprint2_copia/software_sprint1/app/controllers/application_controller.rb": {
        "lines": [
          1,
          1,
          null,
          1,
          1,
          null,
          1,
          null,
          1,
          0,
          null,
          0,
          0,
          null,
          null,
          null
        ]
      },
      "/Users/francescorodriguez/Desktop/Sprint2_copia/software_sprint1/app/controllers/pivots_controller.rb": {
        "lines": [
          1,
          1,
          null,
          null,
          1,
          0,
          null,
          null,
          null,
          1,
          0,
          null,
          null,
          null,
          1,
          0,
          null,
          null,
          null,
          null,
          1,
          null,
          null,
          1,
          0,
          0,
          null,
          0,
          0,
          null,
          0,
          0,
          0,
          0,
          null,
          0,
          0,
          null,
          null,
          null,
          null,
          null,
          1,
          0,
          0,
          0,
          0,
          null,
          0,
          0,
          null,
          null,
          null,
          null,
          null,
          1,
          0,
          null,
          0,
          0,
          0,
          null,
          null,
          null,
          1,
          null,
          null,
          1,
          0,
          null,
          null,
          null,
          1,
          0,
          null,
          null
        ]
      },
      "/Users/francescorodriguez/Desktop/Sprint2_copia/software_sprint1/app/controllers/publications_controller.rb": {
        "lines": [
          1,
          1,
          1,
          null,
          null,
          1,
          1,
          null,
          null,
          1,
          0,
          null,
          null,
          1,
          0,
          0,
          0,
          0,
          null,
          0,
          null,
          null,
          null,
          1,
          null,
          1,
          0,
          null,
          null
        ]
      },
      "/Users/francescorodriguez/Desktop/Sprint2_copia/software_sprint1/app/controllers/responses_controller.rb": {
        "lines": [
          1,
          1,
          null,
          null,
          1,
          0,
          0,
          null,
          null,
          0,
          null,
          null,
          null,
          null,
          1,
          null,
          null,
          1,
          0,
          null,
          0,
          0,
          null,
          null,
          null,
          1,
          null,
          null,
          1,
          0,
          0,
          0,
          0,
          0,
          null,
          0,
          null,
          null,
          null,
          1,
          0,
          0,
          0,
          0,
          null,
          0,
          0,
          null,
          null,
          null,
          null,
          null,
          1,
          0,
          null,
          0,
          0,
          0,
          null,
          null,
          null,
          1,
          null,
          null,
          1,
          0,
          null,
          null,
          null,
          1,
          0,
          null,
          null
        ]
      },
      "/Users/francescorodriguez/Desktop/Sprint2_copia/software_sprint1/app/mailers/application_mailer.rb": {
        "lines": [
          0,
          0,
          0,
          0
        ],
        "branches": {
        }
      },
      "/Users/francescorodriguez/Desktop/Sprint2_copia/software_sprint1/app/models/response.rb": {
        "lines": [
          0,
          0,
          0
        ],
        "branches": {
        }
      },
      "/Users/francescorodriguez/Desktop/Sprint2_copia/software_sprint1/app/models/request.rb": {
        "lines": [
          0,
          0,
          0
        ],
        "branches": {
        }
      },
      "/Users/francescorodriguez/Desktop/Sprint2_copia/software_sprint1/app/jobs/application_job.rb": {
        "lines": [
          0,
          null,
          null,
          null,
          null,
          null,
          0
        ],
        "branches": {
        }
      },
      "/Users/francescorodriguez/Desktop/Sprint2_copia/software_sprint1/app/controllers/reviews_controller.rb": {
        "lines": [
          0,
          0,
          0,
          0,
          0,
          null,
          0,
          0,
          0,
          0,
          0,
          null,
          0,
          0,
          0,
          0
        ],
        "branches": {
        }
      },
      "/Users/francescorodriguez/Desktop/Sprint2_copia/software_sprint1/app/channels/application_cable/connection.rb": {
        "lines": [
          0,
          0,
          0,
          0
        ],
        "branches": {
        }
      },
      "/Users/francescorodriguez/Desktop/Sprint2_copia/software_sprint1/app/channels/application_cable/channel.rb": {
        "lines": [
          0,
          0,
          0,
          0
        ],
        "branches": {
        }
      }
    },
    "timestamp": 1666314665
  }
}
